TEC330C00 000:002.202   SEGGER J-Link V7.96j Log File
TEC330C00 000:002.310   DLL Compiled: May 29 2024 15:42:37
TEC330C00 000:002.313   Logging started @ 2024-10-11 13:48
TEC330C00 000:002.315   Process: /home/alex/.eclipse/com.renesas.platform_1208549798/DebugComp/RA/e2-server-gdb
TEC330C00 000:002.320 - 2.319ms
TEC330C00 000:002.325 JLINK_GetDLLVersion()
TEC330C00 000:002.328 - 0.005ms returns 79610
TEC330C00 000:003.584 JLINK_OpenEx(...)
TEC330C00 000:008.297   Firmware: J-Link EDU Mini V1 compiled Jul  3 2024 16:57:57
TEC330C00 000:008.800   Firmware: J-Link EDU Mini V1 compiled Jul  3 2024 16:57:57
TEC330C00 000:019.004   Hardware: V1.00
TEC330C00 000:019.015   S/N: 801055360
TEC330C00 000:019.021   OEM: SEGGER
TEC330C00 000:019.027   Feature(s): FlashBP, GDB
TEC330C00 000:020.007   Bootloader: 2023 Jul 27
TEC330C00 000:020.409   USB speed mode: Full speed (12 MBit/s)
TEC330C00 000:020.742   TELNET listener socket opened on port 19021
TEC330C00 000:020.846   WEBSRV WEBSRV_Init(): Starting webserver thread(s)
TEC330C00 000:020.936   WEBSRV Webserver running on local port 19080
TEC330C00 000:020.951   Looking for J-Link GUI Server exe at: ARM/Segger_v7.96.10/JLinkGUIServerExe
TEC330C00 000:020.964   Looking for J-Link GUI Server exe at: /opt/SEGGER/JLink/JLinkGUIServerExe
TEC330C00 000:020.982   Forking J-Link GUI Server: /opt/SEGGER/JLink/JLinkGUIServerExe
TEC330C00 000:035.485   J-Link GUI Server info: "J-Link GUI server V7.98f "
TEC330C00 000:035.974 - 32.370ms returns "O.K."
TEC330C00 000:036.025 JLINK_ExecCommand("ProjectFile="/home/alex/e2_studio/workspace4/TF_Luna_LiDAR_Ra6M1_Feather/TF_Luna_LiDAR_Ra6M1_Feather Debug_Flat.jlink"", ...). 
TEC330C00 000:051.509 - 15.485ms returns 0x00
TEC330C00 000:051.626 JLINK_ExecCommand("device=R7FA6M1AD", ...). 
TEC330C00 000:052.913   Flash bank @ 0x0100A150: SFL: Parsing sectorization info from ELF file
TEC330C00 000:052.919     FlashDevice.SectorInfo[0]: .SectorSize = 0x00000020, .SectorStartAddr = 0x00000000
TEC330C00 000:059.240   Device "R7FA6M1AD" selected.
TEC330C00 000:059.368 - 7.738ms returns 0x00
TEC330C00 000:059.438 JLINK_ExecCommand("SetCPUConnectIDCODE = FFFFFFFFFFFFFFFFFFFFFFFFFFFFFFFF", ...). 
TEC330C00 000:059.447 - 0.003ms returns 0x00
TEC330C00 000:059.456 JLINK_TIF_GetAvailable(...)
TEC330C00 000:059.594 - 0.143ms
TEC330C00 000:059.599 JLINK_TIF_Select(JLINKARM_TIF_SWD)
TEC330C00 000:059.981 - 0.381ms returns 0x00
TEC330C00 000:059.986 JLINK_SetSpeed(4000)
TEC330C00 000:060.028 - 0.044ms
TEC330C00 000:060.033 JLINK_SetEndian(ARM_ENDIAN_LITTLE)
TEC330C00 000:060.037 - 0.003ms returns 0
TEC330C00 000:060.041 JLINK_SetInitRegsOnReset(OFF)
TEC330C00 000:060.045 - 0.004ms returns 1
TEC330C00 000:060.050 JLINK_SetResetType(JLINKARM_RESET_TYPE_NO_RESET)
TEC330C00 000:060.054 - 0.004ms returns JLINKARM_RESET_TYPE_NORMAL
TEC330C00 000:060.059 JLINK_ExecCommand("EnableFlashBPs", ...). 
TEC330C00 000:060.065 - 0.001ms returns 0x00
TEC330C00 000:060.070 JLINK_ExecCommand("SetAllowFlashCache = 1", ...). 
TEC330C00 000:060.076 - 0.003ms returns 0x01
TEC330C00 000:060.081 JLINK_ExecCommand("SetRestartOnClose = 0", ...). 
TEC330C00 000:060.087 - 0.002ms returns 0x01
TEC330C00 000:060.091 JLINK_EnableSoftBPs(ON)
TEC330C00 000:060.095 - 0.002ms
TEC330C00 000:060.098 JLINK_Connect()
TEC330C00 000:060.220   InitTarget() start
TEC330C00 000:060.224    J-Link Script File: Executing InitTarget()
TEC330C00 000:060.249   Identifying target device...
TEC330C00 000:060.286   SWD selected. Executing JTAG -> SWD switching sequence...
TEC330C00 000:060.994   Initializing DAP...
TEC330C00 000:061.991   DAP initialized successfully.
TEC330C00 000:063.176   Low power mode detected. Waking device from low power mode.
TEC330C00 000:065.631   InitTarget() end - Took 5.40ms
TEC330C00 000:066.098   Found SW-DP with ID 0x5BA02477
TEC330C00 000:067.799   DPIDR: 0x5BA02477
TEC330C00 000:067.808   CoreSight SoC-400 or earlier
TEC330C00 000:067.814   Scanning AP map to find all available APs
TEC330C00 000:068.583   AP[2]: Stopped AP scan as end of AP map has been reached
TEC330C00 000:068.600   AP[0]: AHB-AP (IDR: 0x24770011)
TEC330C00 000:068.606   AP[1]: APB-AP (IDR: 0x44770002)
TEC330C00 000:068.612   Iterating through AP map to find AHB-AP to use
TEC330C00 000:069.437   AP[0]: Core found
TEC330C00 000:069.460   AP[0]: AHB-AP ROM base: 0xE00FF000
TEC330C00 000:069.863   CPUID register: 0x410FC241. Implementer code: 0x41 (ARM)
TEC330C00 000:069.874   Found Cortex-M4 r0p1, Little endian.
TEC330C00 000:070.119   -- Max. mem block: 0x00002B08
TEC330C00 000:070.471   CPU_ReadMem(4 bytes @ 0xE000EDF0)
TEC330C00 000:070.748   CPU_ReadMem(4 bytes @ 0xE0002000)
TEC330C00 000:071.031   FPUnit: 6 code (BP) slots and 2 literal slots
TEC330C00 000:071.037   CPU_ReadMem(4 bytes @ 0xE000EDFC)
TEC330C00 000:071.314   CPU_ReadMem(4 bytes @ 0xE0001000)
TEC330C00 000:071.599   CPU_WriteMem(4 bytes @ 0xE0001000)
TEC330C00 000:071.904   CPU_ReadMem(4 bytes @ 0xE000ED88)
TEC330C00 000:072.178   CPU_WriteMem(4 bytes @ 0xE000ED88)
TEC330C00 000:072.482   CPU_ReadMem(4 bytes @ 0xE000ED88)
TEC330C00 000:072.772   CPU_WriteMem(4 bytes @ 0xE000ED88)
TEC330C00 000:073.071   CoreSight components:
TEC330C00 000:073.075   ROMTbl[0] @ E00FF000
TEC330C00 000:073.081   CPU_ReadMem(64 bytes @ 0xE00FF000)
TEC330C00 000:073.718   CPU_ReadMem(32 bytes @ 0xE000EFE0)
TEC330C00 000:074.176   [0][0]: E000E000 CID B105E00D PID 000BB00C SCS-M7
TEC330C00 000:074.182   CPU_ReadMem(32 bytes @ 0xE0001FE0)
TEC330C00 000:074.613   [0][1]: E0001000 CID B105E00D PID 003BB002 DWT
TEC330C00 000:074.621   CPU_ReadMem(32 bytes @ 0xE0002FE0)
TEC330C00 000:075.092   [0][2]: E0002000 CID B105E00D PID 002BB003 FPB
TEC330C00 000:075.103   CPU_ReadMem(32 bytes @ 0xE0000FE0)
TEC330C00 000:075.564   [0][3]: E0000000 CID B105E00D PID 003BB001 ITM
TEC330C00 000:075.576   CPU_ReadMem(32 bytes @ 0xE0040FE0)
TEC330C00 000:076.035   [0][4]: E0040000 CID B105900D PID 000BB9A1 TPIU
TEC330C00 000:076.039   CPU_ReadMem(32 bytes @ 0xE0041FE0)
TEC330C00 000:076.464   [0][5]: E0041000 CID B105900D PID 000BB925 ETM
TEC330C00 000:076.472   CPU_ReadMem(32 bytes @ 0xE0042FE0)
TEC330C00 000:076.903   [0][6]: E0042000 CID B105900D PID 002BB908 CSTF
TEC330C00 000:076.909   CPU_ReadMem(32 bytes @ 0xE0043FE0)
TEC330C00 000:077.410   [0][7]: E0043000 CID B105900D PID 001BB961 TMC
TEC330C00 000:077.421   CPU_ReadMem(32 bytes @ 0xE0044FE0)
TEC330C00 000:077.884   [0][8]: E0044000 CID B105F00D PID 001BB101 TSG
TEC330C00 000:077.943 - 17.844ms returns 0x00
TEC330C00 000:077.958 JLINK_Halt()
TEC330C00 000:080.761 - 2.804ms returns 0x00
TEC330C00 000:080.768 JLINK_IsHalted()
TEC330C00 000:080.774 - 0.006ms returns TRUE
TEC330C00 000:080.779 JLINK_ResetPullsRESET(ON)
TEC330C00 000:080.783 - 0.004ms
TEC330C00 000:080.789 JLINK_Reset()
TEC330C00 000:080.804   CPU_WriteMem(4 bytes @ 0xE000EDF0)
TEC330C00 000:081.147   CPU_WriteMem(4 bytes @ 0xE000EDFC)
TEC330C00 000:081.452   Reset: Halt core after reset via DEMCR.VC_CORERESET.
TEC330C00 000:081.759   Reset: Reset device via AIRCR.SYSRESETREQ.
TEC330C00 000:081.767   CPU_WriteMem(4 bytes @ 0xE000ED0C)
TEC330C00 000:134.766   CPU_ReadMem(4 bytes @ 0xE000EDF0)
TEC330C00 000:135.091   CPU_ReadMem(4 bytes @ 0xE000EDF0)
TEC330C00 000:135.433   CPU_WriteMem(4 bytes @ 0xE000EDFC)
TEC330C00 000:141.018   CPU_ReadMem(4 bytes @ 0xE000EDF0)
TEC330C00 000:144.321   CPU_WriteMem(4 bytes @ 0xE0002000)
TEC330C00 000:144.665   CPU_ReadMem(4 bytes @ 0xE000EDFC)
TEC330C00 000:144.946   CPU_ReadMem(4 bytes @ 0xE0001000)
TEC330C00 000:145.250 - 64.461ms
TEC330C00 000:145.323 JLINK_ReadMemEx(0x407FB19C, 0x8 Bytes, Flags = 0x00000004)
TEC330C00 000:145.342   CPU_ReadMem(8 bytes @ 0x407FB19C)
TEC330C00 000:145.667   Data:  00 70 00 01 00 00 00 00
TEC330C00 000:145.678 - 0.353ms returns 8 (0x8)
TEC330C00 000:145.697 JLINK_ReadMem(0x01007024, 0x10 Bytes, ...)
TEC330C00 000:145.711   CPU_ReadMem(16 bytes @ 0x01007024)
TEC330C00 000:146.077   Data:  52 37 46 41 36 4D 31 41 44 33 43 46 4D 20 20 20
TEC330C00 000:146.087 - 0.389ms returns 0
TEC330C00 000:146.101 JLINK_IsHalted()
TEC330C00 000:146.126 - 0.027ms returns TRUE
TEC330C00 000:146.417 JLINK_MeasureCPUSpeed(RAMAddr = 0xFFFFFFFF)
TEC330C00 000:146.442   CPU_ReadMem(16 bytes @ 0x1FFE0000)
TEC330C00 000:146.913   CPU_ReadMem(64 bytes @ 0x1FFE0000)
TEC330C00 000:147.571    -- Updating C cache (64 bytes @ 0x1FFE0000)
TEC330C00 000:147.586    -- Read from C cache (6 bytes @ 0x1FFE0000)
TEC330C00 000:147.605   CPU_ReadMem(4 bytes @ 0xE000ED90)
TEC330C00 000:147.910   CPU_ReadMem(4 bytes @ 0xE000ED94)
TEC330C00 000:148.227   CPU_WriteMem(16 bytes @ 0x1FFE0000)
TEC330C00 000:148.631   CPU_WriteMem(6 bytes @ 0x1FFE0000)
TEC330C00 000:149.016   CPU_ReadMem(64 bytes @ 0x1FFE0000)
TEC330C00 000:149.659    -- Updating C cache (64 bytes @ 0x1FFE0000)
TEC330C00 000:149.666    -- Read from C cache (6 bytes @ 0x1FFE0000)
TEC330C00 000:149.704   CPU_WriteMem(4 bytes @ 0xE0002008)
TEC330C00 000:149.710   CPU_WriteMem(4 bytes @ 0xE000200C)
TEC330C00 000:149.715   CPU_WriteMem(4 bytes @ 0xE0002010)
TEC330C00 000:149.720   CPU_WriteMem(4 bytes @ 0xE0002014)
TEC330C00 000:149.723   CPU_WriteMem(4 bytes @ 0xE0002018)
TEC330C00 000:149.731   CPU_WriteMem(4 bytes @ 0xE000201C)
TEC330C00 000:156.694   CPU_WriteMem(4 bytes @ 0xE0002008)
TEC330C00 000:157.011   CPU_WriteMem(4 bytes @ 0xE000200C)
TEC330C00 000:157.331   CPU_WriteMem(4 bytes @ 0xE0002010)
TEC330C00 000:157.649   CPU_WriteMem(4 bytes @ 0xE0002014)
TEC330C00 000:157.965   CPU_WriteMem(4 bytes @ 0xE0002018)
TEC330C00 000:158.284   CPU_WriteMem(4 bytes @ 0xE000201C)
TEC330C00 000:183.980   CPU_WriteMem(6 bytes @ 0x1FFE0000)
TEC330C00 000:184.491   ClockFreq: 2058150 Hz
TEC330C00 000:184.506 - 38.088ms returns 2058150
TEC330C00 000:184.525 JLINK_ReadReg(XPSR)
TEC330C00 000:184.549 - 0.025ms returns 0x01000000
TDD2006C0 000:193.118 JLINK_ReadReg(XPSR)
TDD2006C0 000:193.139 - 0.024ms returns 0x01000000
TDD2006C0 000:198.686 JLINK_ReadReg(XPSR)
TDD2006C0 000:198.711 - 0.026ms returns 0x01000000
TDD2006C0 000:311.973 JLINK_ReadReg(XPSR)
TDD2006C0 000:312.018 - 0.046ms returns 0x01000000
TDD2006C0 000:313.888 JLINK_SetEndian(ARM_ENDIAN_LITTLE)
TDD2006C0 000:313.895 - 0.007ms returns 0
TDD2006C0 000:313.941 JLINK_BeginDownload(Flags = 0x00000000)
TDD2006C0 000:313.945 - 0.005ms
TDD2006C0 000:316.394 JLINK_WriteMem(0x00000000, 0xBD0 Bytes, ...)
TDD2006C0 000:316.433   Data:  68 13 FE 1F 11 17 00 00 ED 15 00 00 0D 17 00 00 ...
TDD2006C0 000:317.393   completely In flash
TDD2006C0 000:317.408 - 1.015ms returns 0xBD0
TDD2006C0 000:317.665 JLINK_WriteMem(0x00000BD0, 0xBB0 Bytes, ...)
TDD2006C0 000:317.672   Data:  70 47 0C 4B 01 22 1A 60 70 47 0B 4A 13 60 70 47 ...
TDD2006C0 000:317.683   completely In flash
TDD2006C0 000:317.691 - 0.025ms returns 0xBB0
TDD2006C0 000:317.872 JLINK_WriteMem(0x00001780, 0xBC0 Bytes, ...)
TDD2006C0 000:317.879   Data:  06 DD 9E 10 55 F8 04 3B 01 34 98 47 A6 42 F9 DC ...
TDD2006C0 000:317.897   completely In flash
TDD2006C0 000:317.911 - 0.039ms returns 0xBC0
TDD2006C0 000:318.203 JLINK_WriteMem(0x00002340, 0xBA0 Bytes, ...)
TDD2006C0 000:318.208   Data:  40 E0 12 B0 70 47 00 BF EC 46 00 B5 2D E9 00 50 ...
TDD2006C0 000:318.219   completely In flash
TDD2006C0 000:318.227 - 0.024ms returns 0xBA0
TDD2006C0 000:318.456 JLINK_WriteMem(0x00002EE0, 0x480 Bytes, ...)
TDD2006C0 000:318.466   Data:  05 46 30 B9 FF F7 3C FD 09 23 03 60 4F F0 FF 30 ...
TDD2006C0 000:318.476   completely In flash
TDD2006C0 000:318.490 - 0.034ms returns 0x480
TDD2006C0 000:318.715 JLINK_WriteMem(0x00003360, 0x74 Bytes, ...)
TDD2006C0 000:318.721   Data:  44 00 2B AD 00 00 00 00 03 00 00 00 80 0D FE 1F ...
TDD2006C0 000:318.739   completely In flash
TDD2006C0 000:318.754 - 0.039ms returns 0x74
TDD2006C0 000:319.044 JLINK_WriteMem(0x0100A150, 0x10 Bytes, ...)
TDD2006C0 000:319.050   Data:  FF FF FF FF FF FF FF FF FF FF FF FF FF FF FF FF
TDD2006C0 000:319.948   completely In flash
TDD2006C0 000:319.964 - 0.921ms returns 0x10
TDD2006C0 000:320.555 JLINK_ReadMem(0x00001940, 0x40 Bytes, ...)
TDD2006C0 000:320.568    -- Read from flash cache (64 bytes @ 0x00001940)
TDD2006C0 000:320.591   Data:  59 07 F5 D4 04 F1 D8 00 00 F0 8C FC 23 68 1A 07 ...
TDD2006C0 000:320.599 - 0.044ms returns 0
TDD2006C0 000:321.586 JLINK_EndDownload()
TDD2006C0 000:321.754   CPU_ReadMem(4 bytes @ 0xE000ED90)
TDD2006C0 000:322.056   CPU_ReadMem(4 bytes @ 0xE000ED94)
TDD2006C0 000:322.418    -- --------------------------------------
TDD2006C0 000:322.443    -- Start of determining flash info (Bank @ 0x0100A150)
TDD2006C0 000:322.466    -- End of determining flash info
TDD2006C0 000:322.475    -- Start of determining dirty areas in flash cache
TDD2006C0 000:322.487    -- Filling invalid ranges in sector buffer (flash cache) for sector @ 0x0100A150 if necessary
TDD2006C0 000:322.496    -- End of determining dirty areas
TDD2006C0 000:322.505    -- Start of preparing flash programming
TDD2006C0 000:322.513    -- Preparing RAMCode
TDD2006C0 000:322.520    -- Calculating RAM usage
TDD2006C0 000:322.529    -- RAM usage = 4240 Bytes
TDD2006C0 000:322.536    -- Preserving CPU registers
TDD2006C0 000:322.558    -- Preparing memory
TDD2006C0 000:322.567    -- Determining CPU clock frequency
TDD2006C0 000:358.510    -- CPU frequency = 2058 kHz
TDD2006C0 000:358.532    -- Preparing target
TDD2006C0 000:358.536    -- Preserving target RAM temporarily used for programming
TDD2006C0 000:380.422    -- Downloading RAMCode
TDD2006C0 000:409.369    -- Initializing RAMCode (InitType: 3 = Verify)
TDD2006C0 000:409.413    -- Executing Init(3)
TDD2006C0 000:415.078    -- End of preparing flash programming
TDD2006C0 000:423.456   
  ***** Warning: 
TDD2006C0 000:423.476   CPU is running at low speed (2058 kHz).
TDD2006C0 000:423.483    -- CPU is running at 2058 kHz.
TDD2006C0 000:423.495    -- Start of comparing flash
TDD2006C0 000:423.504    -- Flash algorithm supports a native verify function which is used to compare the flash content.
TDD2006C0 000:424.671    -- Comparing range 0x100A150 - 0x100A16F (1 Sector, 32 Bytes), using verify function of the RAMCode
TDD2006C0 000:425.936    -- Data matches for sector 0
TDD2006C0 000:425.958    -- End of comparing flash
TDD2006C0 000:425.973    -- Start of erasing sectors
TDD2006C0 000:425.983    -- End of erasing sectors
TDD2006C0 000:425.993    -- Start of flash programming
TDD2006C0 000:426.002    -- End of flash programming
TDD2006C0 000:426.012    -- Start of verifying flash
TDD2006C0 000:426.020    -- End of verifying flash
TDD2006C0 000:426.031    -- Start of restoring
TDD2006C0 000:426.040    -- Executing UnInit()
TDD2006C0 000:436.491    -- Restoring target memory
TDD2006C0 000:458.142    -- Restoring CPU registers
TDD2006C0 000:458.222    -- End of restoring
TDD2006C0 000:458.230    -- Bank 0 @ 0x0100A150: Skipped. Contents already match
TDD2006C0 000:458.236    -- Bank 0 @ 0x0100A150: Skipped. Contents already match
TDD2006C0 000:458.860    -- --------------------------------------
TDD2006C0 000:458.876    -- Flash bank @ 0x00000000: Default: L2 verify disabled because algorithm performs L1 verify
TDD2006C0 000:458.883    -- Start of determining dirty areas in flash cache
TDD2006C0 000:458.888    -- Filling invalid ranges in sector buffer (flash cache) for sector @ 0x00000000 if necessary
TDD2006C0 000:458.894    -- Filling invalid ranges in sector buffer (flash cache) for sector @ 0x00002000 if necessary
TDD2006C0 000:458.951    -- End of determining dirty areas
TDD2006C0 000:458.956    -- Start of preparing flash programming
TDD2006C0 000:458.961    -- Calculating RAM usage
TDD2006C0 000:458.984    -- RAM usage = 3476 Bytes
TDD2006C0 000:458.989    -- Preserving CPU registers
TDD2006C0 000:459.006    -- Determining CPU clock frequency
TDD2006C0 000:493.973    -- Preparing target
TDD2006C0 000:494.836    -- Preserving target RAM temporarily used for programming
TDD2006C0 000:512.971    -- Downloading RAMCode
TDD2006C0 000:535.524    -- Preparing RAMCode
TDD2006C0 000:542.247    -- CPU frequency = 100000 kHz
TDD2006C0 000:542.302    -- End of preparing flash programming
TDD2006C0 000:546.367    -- CPU is running at 100000 kHz.
TDD2006C0 000:546.423    -- Start of comparing flash
TDD2006C0 000:546.438    -- CRC check was estimated as fastest method
TDD2006C0 000:550.759    -- Comparing range 0x0000 - 0x3FFF (2 Sectors, 16 KB), using multi-block CRC calculation
TDD2006C0 000:560.431    -- CRC does not match for sectors 0-1
TDD2006C0 000:560.468    -- End of comparing flash
TDD2006C0 000:560.483    -- Start of erasing sectors
TDD2006C0 000:560.500    -- Erasing range 0x00000000 - 0x00003FFF (  2 Sectors, 16 KB)
TDD2006C0 000:645.798    -- End of erasing sectors
TDD2006C0 000:645.828    -- Start of flash programming
TDD2006C0 000:645.839    -- Programming range 0x00000000 - 0x00003FFF (  2 Sectors, 16 KB)
TDD2006C0 000:810.710    -- End of flash programming
TDD2006C0 000:810.738    -- 0x0000 - 0x3FFF (  2 Sectors, 16 KB)
TDD2006C0 000:810.749    -- Start of restoring
TDD2006C0 000:810.757    -- Restoring RAMCode
TDD2006C0 000:825.048    -- Restoring target memory
TDD2006C0 000:842.717    -- Restore target
TDD2006C0 000:842.744    -- Restoring CPU registers
TDD2006C0 000:842.772    -- End of restoring
TDD2006C0 000:842.788    -- Bank 1 @ 0x00000000: 1 range affected (16384 bytes)
TDD2006C0 000:842.800    -- Total: 0.383s (Prepare: 0.087s, Compare: 0.014s, Erase: 0.085s, Program & Verify: 0.174s, Restore: 0.022s)
TDD2006C0 000:842.812    -- Program & Verify speed: 92 KB/s
TDD2006C0 000:853.189 - 531.603ms returns 16384 (0x4000)
TDD2006C0 000:853.294 JLINK_WriteReg(R15 (PC), 0x00001710)
TDD2006C0 000:853.303 - 0.010ms returns 0
TDD2006C0 000:853.309 JLINK_WriteReg(XPSR, 0x01000000)
TDD2006C0 000:853.312 - 0.005ms returns 0
TDD2006C0 000:853.331 JLINK_ResetPullsRESET(ON)
TDD2006C0 000:853.336 - 0.005ms
TDD2006C0 000:853.340 JLINK_Halt()
TDD2006C0 000:853.657 - 0.316ms returns 0x00
TDD2006C0 000:853.666 JLINK_IsHalted()
TDD2006C0 000:853.679 - 0.013ms returns TRUE
TDD2006C0 000:853.689 JLINK_Reset()
TDD2006C0 000:853.712   CPU_WriteMem(4 bytes @ 0xE000EDF0)
TDD2006C0 000:854.044   CPU_WriteMem(4 bytes @ 0xE000EDFC)
TDD2006C0 000:854.431   Reset: Halt core after reset via DEMCR.VC_CORERESET.
TDD2006C0 000:854.781   Reset: Reset device via AIRCR.SYSRESETREQ.
TDD2006C0 000:854.798   CPU_WriteMem(4 bytes @ 0xE000ED0C)
TDD2006C0 000:907.795   CPU_ReadMem(4 bytes @ 0xE000EDF0)
TDD2006C0 000:908.139   CPU_ReadMem(4 bytes @ 0xE000EDF0)
TDD2006C0 000:908.469   CPU_WriteMem(4 bytes @ 0xE000EDFC)
TDD2006C0 000:914.154   CPU_ReadMem(4 bytes @ 0xE000EDF0)
TDD2006C0 000:917.512   CPU_WriteMem(4 bytes @ 0xE0002000)
TDD2006C0 000:917.929   CPU_ReadMem(4 bytes @ 0xE000EDFC)
TDD2006C0 000:918.316   CPU_ReadMem(4 bytes @ 0xE0001000)
TDD2006C0 000:918.715 - 65.025ms
TDD2006C0 000:918.743 JLINK_SetEndian(ARM_ENDIAN_LITTLE)
TDD2006C0 000:918.754 - 0.010ms returns 0
TDD2006C0 000:919.423 JLINK_ResetPullsRESET(ON)
TDD2006C0 000:919.452 - 0.027ms
TDD2006C0 000:919.464 JLINK_Halt()
TDD2006C0 000:919.479 - 0.015ms returns 0x00
TDD2006C0 000:919.491 JLINK_IsHalted()
TDD2006C0 000:919.508 - 0.016ms returns TRUE
TDD2006C0 000:919.520 JLINK_Reset()
TDD2006C0 000:919.548   CPU_WriteMem(4 bytes @ 0xE000EDF0)
TDD2006C0 000:919.907   CPU_WriteMem(4 bytes @ 0xE000EDFC)
TDD2006C0 000:920.236   Reset: Halt core after reset via DEMCR.VC_CORERESET.
TDD2006C0 000:920.601   Reset: Reset device via AIRCR.SYSRESETREQ.
TDD2006C0 000:920.618   CPU_WriteMem(4 bytes @ 0xE000ED0C)
TDD2006C0 000:973.778   CPU_ReadMem(4 bytes @ 0xE000EDF0)
TDD2006C0 000:974.166   CPU_ReadMem(4 bytes @ 0xE000EDF0)
TDD2006C0 000:974.506   CPU_WriteMem(4 bytes @ 0xE000EDFC)
TDD2006C0 000:980.135   CPU_ReadMem(4 bytes @ 0xE000EDF0)
TDD2006C0 000:983.570   CPU_WriteMem(4 bytes @ 0xE0002000)
TDD2006C0 000:983.990   CPU_ReadMem(4 bytes @ 0xE000EDFC)
TDD2006C0 000:984.385   CPU_ReadMem(4 bytes @ 0xE0001000)
TDD2006C0 000:984.787 - 65.266ms
TDD2006C0 000:984.815 JLINK_SetEndian(ARM_ENDIAN_LITTLE)
TDD2006C0 000:984.826 - 0.012ms returns 0
TDD2006C0 000:988.997 JLINK_ReadMem(0x00001940, 0x40 Bytes, ...)
TDD2006C0 000:989.027    -- Read from flash cache (64 bytes @ 0x00001940)
TDD2006C0 000:989.059   Data:  59 07 F5 D4 04 F1 D8 00 00 F0 8C FC 23 68 1A 07 ...
TDD2006C0 000:989.069 - 0.075ms returns 0
TDD2006C0 000:989.977 JLINK_ReadReg(XPSR)
TDD2006C0 000:990.010 - 0.034ms returns 0x01000000
TDD2006C0 000:990.716 JLINK_ReadMem(0x00001700, 0x40 Bytes, ...)
TDD2006C0 000:990.738    -- Read from flash cache (64 bytes @ 0x00001700)
TDD2006C0 000:990.748   Data:  74 0D FE 1F 00 E0 01 40 14 33 00 00 00 BE 70 47 ...
TDD2006C0 000:990.759 - 0.044ms returns 0
TDD2006C0 000:993.239 JLINK_ReadReg(XPSR)
TDD2006C0 000:993.281 - 0.040ms returns 0x01000000
TDD2006C0 000:993.576 JLINK_ReadMem(0x00001700, 0x40 Bytes, ...)
TDD2006C0 000:993.588    -- Read from flash cache (64 bytes @ 0x00001700)
TDD2006C0 000:993.598   Data:  74 0D FE 1F 00 E0 01 40 14 33 00 00 00 BE 70 47 ...
TDD2006C0 000:993.606 - 0.031ms returns 0
TDD2006C0 001:098.345 JLINK_GetNumBPUnits(Type = 0xFFFFFF00)
TDD2006C0 001:098.392 - 0.050ms returns 0x06
TDD2006C0 001:098.407 JLINK_GetNumWPUnits()
TDD2006C0 001:098.424 - 0.017ms returns 4
TDD2006C0 001:098.430 JLINK_GetNumWPUnits()
TDD2006C0 001:098.438 - 0.008ms returns 4
TDD2006C0 001:098.449 JLINK_GetNumBPUnits(Type = 0xFFFFFF00)
TDD2006C0 001:098.466 - 0.015ms returns 0x06
TDD2006C0 001:098.480 JLINK_GetNumWPUnits()
TDD2006C0 001:098.497 - 0.016ms returns 4
TDD2006C0 001:098.512 JLINK_GetNumWPUnits()
TDD2006C0 001:098.527 - 0.016ms returns 4
TDD2006C0 001:098.543 JLINK_GetNumBPUnits(Type = 0xFFFFFF00)
TDD2006C0 001:098.559 - 0.015ms returns 0x06
TDD2006C0 001:098.574 JLINK_GetNumWPUnits()
TDD2006C0 001:098.582 - 0.008ms returns 4
TDD2006C0 001:098.589 JLINK_GetNumWPUnits()
TDD2006C0 001:098.596 - 0.007ms returns 4
TDD2006C0 001:098.660 JLINK_SetBPEx(Addr = 0x00000CC0, Type = 0xFFFFFF00)
TDD2006C0 001:098.686 - 0.026ms returns 0x00000001
TDD2006C0 001:098.697 JLINK_ClrBPEx(BPHandle = 0x00000001)
TDD2006C0 001:098.717 - 0.021ms returns 0x00
TDD2006C0 001:100.060 JLINK_ReadMem(0x00000CC0, 0x40 Bytes, ...)
TDD2006C0 001:100.085    -- Read from flash cache (64 bytes @ 0x00000CC0)
TDD2006C0 001:100.098   Data:  08 B5 FF F7 B1 FF 00 20 08 BD 00 BF C0 E9 05 12 ...
TDD2006C0 001:100.122 - 0.063ms returns 0
TDD2006C0 001:100.520 JLINK_SetBPEx(Addr = 0x00000CC0, Type = 0xFFFFFF00)
TDD2006C0 001:100.547 - 0.028ms returns 0x00000002
TDD2006C0 001:102.925 JLINK_ReadReg(XPSR)
TDD2006C0 001:102.943 - 0.020ms returns 0x01000000
TDD2006C0 001:104.122 JLINK_ReadRegs(NumRegs = 20, Indexes: 0, 1, 2, 3, 4, 5, 6, 7, 8, 9, 10, 11, 12, 13, 14, 15, 16, 17, 18, 20)
TDD2006C0 001:104.149    -- R0=0x00, R1=0x3200, R2=0x00, R3=0x4001C11C, R4=0x1FFE0904, R5=0x1FFE095C, R6=0x1FFE095C, R7=0x40700000, R8=0x00, R9=0x3FC00000, R10=0xD2, R11=0x18A8, R12=0x1FFE0888, R13 (SP)=0x1FFE1368, R14=0xFFFFFFFF, R15 (PC)=0x1710, XPSR=0x1000000, MSP=0x1FFE1368, PSP=0x56E36AC, CFBP=0x00
TDD2006C0 001:104.159 - 0.036ms returns 0x00
TDD2006C0 001:104.339 JLINK_ReadReg(XPSR)
TDD2006C0 001:104.354 - 0.014ms returns 0x01000000
TDD2006C0 001:104.793 JLINK_ReadMem(0x00001700, 0x40 Bytes, ...)
TDD2006C0 001:104.806    -- Read from flash cache (64 bytes @ 0x00001700)
TDD2006C0 001:104.815   Data:  74 0D FE 1F 00 E0 01 40 14 33 00 00 00 BE 70 47 ...
TDD2006C0 001:104.824 - 0.029ms returns 0
TD7E006C0 001:122.457 JLINK_GetNumBPUnits(Type = 0xFFFFFF00)
TD7E006C0 001:122.489 - 0.033ms returns 0x06
TD7E006C0 001:122.495 JLINK_GetNumWPUnits()
TD7E006C0 001:122.503 - 0.010ms returns 4
TD7E006C0 001:122.510 JLINK_GetNumWPUnits()
TD7E006C0 001:122.516 - 0.007ms returns 4
TD7E006C0 001:122.679 JLINK_GetNumBPUnits(Type = 0xFFFFFF00)
TD7E006C0 001:122.688 - 0.009ms returns 0x06
TD7E006C0 001:122.695 JLINK_GetNumWPUnits()
TD7E006C0 001:122.702 - 0.008ms returns 4
TD7E006C0 001:122.708 JLINK_GetNumWPUnits()
TD7E006C0 001:122.717 - 0.007ms returns 4
TD7E006C0 001:122.901 JLINK_GetNumBPUnits(Type = 0xFFFFFF00)
TD7E006C0 001:122.910 - 0.009ms returns 0x06
TD7E006C0 001:122.915 JLINK_GetNumWPUnits()
TD7E006C0 001:122.923 - 0.008ms returns 4
TD7E006C0 001:122.943 JLINK_GetNumWPUnits()
TD7E006C0 001:122.951 - 0.007ms returns 4
TD7E006C0 001:123.251 JLINK_GetNumBPUnits(Type = 0xFFFFFF00)
TD7E006C0 001:123.277 - 0.026ms returns 0x06
TD7E006C0 001:123.291 JLINK_GetNumWPUnits()
TD7E006C0 001:123.300 - 0.008ms returns 4
TD7E006C0 001:123.306 JLINK_GetNumWPUnits()
TD7E006C0 001:123.313 - 0.008ms returns 4
TD7E006C0 001:123.722 JLINK_GetNumBPUnits(Type = 0xFFFFFF00)
TD7E006C0 001:123.729 - 0.007ms returns 0x06
TD7E006C0 001:123.733 JLINK_GetNumWPUnits()
TD7E006C0 001:123.738 - 0.005ms returns 4
TD7E006C0 001:123.743 JLINK_GetNumWPUnits()
TD7E006C0 001:123.747 - 0.005ms returns 4
TD7E006C0 001:123.824 JLINK_GetNumBPUnits(Type = 0xFFFFFF00)
TD7E006C0 001:123.829 - 0.005ms returns 0x06
TD7E006C0 001:123.834 JLINK_GetNumWPUnits()
TD7E006C0 001:123.839 - 0.005ms returns 4
TD7E006C0 001:123.842 JLINK_GetNumWPUnits()
TD7E006C0 001:123.847 - 0.005ms returns 4
TD7E006C0 001:123.917 JLINK_GetNumBPUnits(Type = 0xFFFFFF00)
TD7E006C0 001:123.923 - 0.006ms returns 0x06
TD7E006C0 001:123.927 JLINK_GetNumWPUnits()
TD7E006C0 001:123.932 - 0.006ms returns 4
TD7E006C0 001:123.936 JLINK_GetNumWPUnits()
TD7E006C0 001:123.942 - 0.006ms returns 4
TD7E006C0 001:124.014 JLINK_GetNumBPUnits(Type = 0xFFFFFF00)
TD7E006C0 001:124.019 - 0.005ms returns 0x06
TD7E006C0 001:124.024 JLINK_GetNumWPUnits()
TD7E006C0 001:124.029 - 0.004ms returns 4
TD7E006C0 001:124.032 JLINK_GetNumWPUnits()
TD7E006C0 001:124.038 - 0.006ms returns 4
TDD2006C0 001:232.954 JLINK_ReadMem(0x00001700, 0x40 Bytes, ...)
TDD2006C0 001:233.007    -- Read from flash cache (64 bytes @ 0x00001700)
TDD2006C0 001:233.021   Data:  74 0D FE 1F 00 E0 01 40 14 33 00 00 00 BE 70 47 ...
TDD2006C0 001:233.025 - 0.073ms returns 0
TDD2006C0 001:299.471 JLINK_ReadReg(XPSR)
TDD2006C0 001:299.497 - 0.027ms returns 0x01000000
TDD2006C0 001:308.081 JLINK_ReadReg(XPSR)
TDD2006C0 001:308.106 - 0.027ms returns 0x01000000
TDD2006C0 002:991.295 JLINK_STRACE_Read(..., NumItems = 0x10000)
TDD2006C0 002:991.552 - 0.259ms NumItemsRead = 0x00
TDD2006C0 002:991.563 JLINK_IsHalted()
TDD2006C0 002:991.886 - 0.323ms returns TRUE
TDD2006C0 002:991.892 JLINK_STRACE_Read(..., NumItems = 0x10000)
TDD2006C0 002:991.897 - 0.003ms NumItemsRead = 0x00
TDD2006C0 002:991.903 JLINK_GoEx(MaxEmulInsts = 0, Flags = 0x01)
TDD2006C0 002:991.923   CPU_WriteMem(4 bytes @ 0xE0002000)
TDD2006C0 002:992.292   CPU_ReadMem(4 bytes @ 0xE0001000)
TDD2006C0 002:992.630   CPU_WriteMem(4 bytes @ 0xE0002008)
TDD2006C0 002:992.640   CPU_WriteMem(4 bytes @ 0xE000200C)
TDD2006C0 002:992.648   CPU_WriteMem(4 bytes @ 0xE0002010)
TDD2006C0 002:992.657   CPU_WriteMem(4 bytes @ 0xE0002014)
TDD2006C0 002:992.664   CPU_WriteMem(4 bytes @ 0xE0002018)
TDD2006C0 002:992.672   CPU_WriteMem(4 bytes @ 0xE000201C)
TDD2006C0 002:994.099   CPU_WriteMem(4 bytes @ 0xE0001004)
TDD2006C0 002:994.885   Memory map 'after startup completion point' is active
TDD2006C0 002:994.897 - 2.994ms
TDD2006C0 003:095.417 JLINK_IsHalted()
TDD2006C0 003:098.279 - 2.863ms returns TRUE
TDD2006C0 003:098.298 JLINK_ReadReg(XPSR)
TDD2006C0 003:098.309 - 0.011ms returns 0x61000000
TDD2006C0 003:098.317 JLINK_ReadReg(R15 (PC))
TDD2006C0 003:098.326 - 0.010ms returns 0x00000CC0
TDD2006C0 003:098.338 JLINK_ReadReg(XPSR)
TDD2006C0 003:098.347 - 0.009ms returns 0x61000000
TDD2006C0 003:098.354 JLINK_ReadReg(XPSR)
TDD2006C0 003:098.363 - 0.008ms returns 0x61000000
TDD2006C0 003:098.371 JLINK_ReadReg(R15 (PC))
TDD2006C0 003:098.379 - 0.008ms returns 0x00000CC0
TDD2006C0 003:098.388 JLINK_ReadReg(XPSR)
TDD2006C0 003:098.396 - 0.008ms returns 0x61000000
TDD2006C0 003:098.403 JLINK_ReadReg(XPSR)
TDD2006C0 003:098.411 - 0.008ms returns 0x61000000
TDD2006C0 003:098.418 JLINK_ReadMem(0x00000CC0, 0x1 Bytes, ...)
TDD2006C0 003:098.428    -- Read from flash cache (1 bytes @ 0x00000CC0)
TDD2006C0 003:098.435   Data:  08
TDD2006C0 003:098.443 - 0.025ms returns 0
TDD2006C0 003:098.452 JLINK_IsHalted()
TDD2006C0 003:098.461 - 0.010ms returns TRUE
TDD2006C0 003:098.468 JLINK_ReadReg(XPSR)
TDD2006C0 003:098.500 - 0.031ms returns 0x61000000
TDD2006C0 003:098.507 JLINK_ReadReg(XPSR)
TDD2006C0 003:098.516 - 0.009ms returns 0x61000000
TDD2006C0 003:098.523 JLINK_ReadReg(R15 (PC))
TDD2006C0 003:098.531 - 0.008ms returns 0x00000CC0
TDD2006C0 003:098.538 JLINK_ReadReg(XPSR)
TDD2006C0 003:098.547 - 0.008ms returns 0x61000000
TDD2006C0 003:098.554 JLINK_ReadReg(XPSR)
TDD2006C0 003:098.562 - 0.008ms returns 0x61000000
TDD2006C0 003:098.569 JLINK_ReadMem(0x00000CC0, 0x1 Bytes, ...)
TDD2006C0 003:098.575    -- Read from flash cache (1 bytes @ 0x00000CC0)
TDD2006C0 003:098.582   Data:  08
TDD2006C0 003:098.589 - 0.020ms returns 0
TDD2006C0 003:098.985 JLINK_ReadRegs(NumRegs = 20, Indexes: 0, 1, 2, 3, 4, 5, 6, 7, 8, 9, 10, 11, 12, 13, 14, 15, 16, 17, 18, 20)
TDD2006C0 003:099.003    -- R0=0x00, R1=0x00, R2=0x60, R3=0x330A, R4=0x1FFE0904, R5=0x1FFE095C, R6=0x1FFE095C, R7=0x40700000, R8=0x00, R9=0x3FC00000, R10=0xD2, R11=0x18A8, R12=0x330A, R13 (SP)=0x1FFE1360, R14=0x171B, R15 (PC)=0xCC0, XPSR=0x61000000, MSP=0x1FFE1360, PSP=0x56E36AC, CFBP=0x00
TDD2006C0 003:099.013 - 0.029ms returns 0x00
TDD2006C0 003:099.835 JLINK_ReadReg(XPSR)
TDD2006C0 003:099.850 - 0.015ms returns 0x61000000
TDD2006C0 003:100.090 JLINK_ReadMem(0x00000CC0, 0x40 Bytes, ...)
TDD2006C0 003:100.100    -- Read from flash cache (64 bytes @ 0x00000CC0)
TDD2006C0 003:100.107   Data:  08 B5 FF F7 B1 FF 00 20 08 BD 00 BF C0 E9 05 12 ...
TDD2006C0 003:100.114 - 0.024ms returns 0
TDD2006C0 003:100.423 JLINK_ClrBPEx(BPHandle = 0x00000002)
TDD2006C0 003:100.437 - 0.013ms returns 0x00
TDD2006C0 003:104.378 JLINK_ReadMem(0x00000CC0, 0x40 Bytes, ...)
TDD2006C0 003:104.400    -- Read from flash cache (64 bytes @ 0x00000CC0)
TDD2006C0 003:104.408   Data:  08 B5 FF F7 B1 FF 00 20 08 BD 00 BF C0 E9 05 12 ...
TDD2006C0 003:104.417 - 0.040ms returns 0
TDD2006C0 003:115.138 JLINK_ReadReg(XPSR)
TDD2006C0 003:115.164 - 0.026ms returns 0x61000000
TDD2006C0 003:115.455 JLINK_ReadReg(XPSR)
TDD2006C0 003:115.465 - 0.010ms returns 0x61000000
TDD2006C0 003:641.188 JLINK_STRACE_Read(..., NumItems = 0x10000)
TDD2006C0 003:641.269 - 0.087ms NumItemsRead = 0x00
TDD2006C0 003:641.283 JLINK_IsHalted()
TDD2006C0 003:641.620 - 0.336ms returns TRUE
TDD2006C0 003:641.629 JLINK_STRACE_Read(..., NumItems = 0x10000)
TDD2006C0 003:641.633 - 0.005ms NumItemsRead = 0x00
TDD2006C0 003:641.640 JLINK_GoEx(MaxEmulInsts = 0, Flags = 0x01)
TDD2006C0 003:641.733   CPU_ReadMem(4 bytes @ 0xE0001000)
TDD2006C0 003:642.026   CPU_WriteMem(4 bytes @ 0xE0002008)
TDD2006C0 003:642.816 - 1.175ms
TDD2006C0 003:743.316 JLINK_IsHalted()
TDD2006C0 003:743.684 - 0.367ms returns FALSE
TDD2006C0 003:743.696 JLINK_IsHalted()
TDD2006C0 003:743.988 - 0.291ms returns FALSE
TDD2006C0 003:844.355 JLINK_IsHalted()
TDD2006C0 003:844.743 - 0.388ms returns FALSE
TDD2006C0 003:844.753 JLINK_IsHalted()
TDD2006C0 003:845.038 - 0.285ms returns FALSE
TDD2006C0 003:945.418 JLINK_IsHalted()
TDD2006C0 003:945.780 - 0.364ms returns FALSE
TDD2006C0 003:945.790 JLINK_IsHalted()
TDD2006C0 003:946.072 - 0.282ms returns FALSE
TDD2006C0 004:046.421 JLINK_IsHalted()
TDD2006C0 004:046.732 - 0.312ms returns FALSE
TDD2006C0 004:046.737 JLINK_IsHalted()
TDD2006C0 004:047.015 - 0.276ms returns FALSE
TDD2006C0 004:147.355 JLINK_IsHalted()
TDD2006C0 004:147.830 - 0.485ms returns FALSE
TDD2006C0 004:147.840 JLINK_IsHalted()
TDD2006C0 004:148.138 - 0.298ms returns FALSE
TDD2006C0 004:248.400 JLINK_IsHalted()
TDD2006C0 004:248.824 - 0.424ms returns FALSE
TDD2006C0 004:248.834 JLINK_IsHalted()
TDD2006C0 004:249.199 - 0.364ms returns FALSE
TDD2006C0 004:349.371 JLINK_IsHalted()
TDD2006C0 004:349.722 - 0.352ms returns FALSE
TDD2006C0 004:349.731 JLINK_IsHalted()
TDD2006C0 004:350.065 - 0.323ms returns FALSE
TDD2006C0 004:450.312 JLINK_IsHalted()
TDD2006C0 004:450.688 - 0.376ms returns FALSE
TDD2006C0 004:450.693 JLINK_IsHalted()
TDD2006C0 004:450.990 - 0.297ms returns FALSE
TDD2006C0 004:551.340 JLINK_IsHalted()
TDD2006C0 004:551.721 - 0.381ms returns FALSE
TDD2006C0 004:551.731 JLINK_IsHalted()
TDD2006C0 004:552.082 - 0.350ms returns FALSE
TDD2006C0 004:652.426 JLINK_IsHalted()
TDD2006C0 004:652.739 - 0.312ms returns FALSE
TDD2006C0 004:652.743 JLINK_IsHalted()
TDD2006C0 004:653.034 - 0.291ms returns FALSE
TDD2006C0 004:753.441 JLINK_IsHalted()
TDD2006C0 004:753.787 - 0.344ms returns FALSE
TDD2006C0 004:753.801 JLINK_IsHalted()
TDD2006C0 004:754.111 - 0.310ms returns FALSE
TDD2006C0 004:854.303 JLINK_IsHalted()
TDD2006C0 004:854.741 - 0.437ms returns FALSE
TDD2006C0 004:854.747 JLINK_IsHalted()
TDD2006C0 004:855.070 - 0.323ms returns FALSE
TDD2006C0 004:955.299 JLINK_IsHalted()
TDD2006C0 004:955.667 - 0.368ms returns FALSE
TDD2006C0 004:955.673 JLINK_IsHalted()
TDD2006C0 004:956.056 - 0.383ms returns FALSE
TDD2006C0 005:056.317 JLINK_IsHalted()
TDD2006C0 005:056.689 - 0.370ms returns FALSE
TDD2006C0 005:056.699 JLINK_IsHalted()
TDD2006C0 005:057.021 - 0.323ms returns FALSE
TD7E006C0 005:101.959 JLINK_IsHalted()
TD7E006C0 005:102.337 - 0.377ms returns FALSE
TD7E006C0 005:102.347 JLINK_IsHalted()
TD7E006C0 005:102.676 - 0.329ms returns FALSE
TD7E006C0 005:102.885 JLINK_IsHalted()
TD7E006C0 005:103.218 - 0.331ms returns FALSE
TD7E006C0 005:103.227 JLINK_IsHalted()
TD7E006C0 005:103.528 - 0.300ms returns FALSE
TDD2006C0 005:157.449 JLINK_IsHalted()
TDD2006C0 005:157.837 - 0.389ms returns FALSE
TDD2006C0 005:157.849 JLINK_IsHalted()
TDD2006C0 005:158.178 - 0.329ms returns FALSE
TDD2006C0 005:258.332 JLINK_IsHalted()
TDD2006C0 005:258.762 - 0.431ms returns FALSE
TDD2006C0 005:258.771 JLINK_IsHalted()
TDD2006C0 005:259.120 - 0.349ms returns FALSE
TDD2006C0 005:359.318 JLINK_IsHalted()
TDD2006C0 005:359.736 - 0.417ms returns FALSE
TDD2006C0 005:359.746 JLINK_IsHalted()
TDD2006C0 005:360.040 - 0.296ms returns FALSE
TDD2006C0 005:460.387 JLINK_IsHalted()
TDD2006C0 005:460.700 - 0.315ms returns FALSE
TDD2006C0 005:460.706 JLINK_IsHalted()
TDD2006C0 005:460.981 - 0.275ms returns FALSE
TDD2006C0 005:561.450 JLINK_IsHalted()
TDD2006C0 005:561.805 - 0.355ms returns FALSE
TDD2006C0 005:561.815 JLINK_IsHalted()
TDD2006C0 005:562.106 - 0.290ms returns FALSE
TDD2006C0 005:662.304 JLINK_IsHalted()
TDD2006C0 005:662.633 - 0.329ms returns FALSE
TDD2006C0 005:662.641 JLINK_IsHalted()
TDD2006C0 005:662.926 - 0.285ms returns FALSE
TDD2006C0 005:763.379 JLINK_IsHalted()
TDD2006C0 005:763.766 - 0.386ms returns FALSE
TDD2006C0 005:763.777 JLINK_IsHalted()
TDD2006C0 005:764.108 - 0.332ms returns FALSE
TDD2006C0 005:864.318 JLINK_IsHalted()
TDD2006C0 005:864.692 - 0.375ms returns FALSE
TDD2006C0 005:864.703 JLINK_IsHalted()
TDD2006C0 005:865.015 - 0.311ms returns FALSE
TDD2006C0 005:955.857 JLINK_IsHalted()
TDD2006C0 005:956.239 - 0.383ms returns FALSE
TDD2006C0 005:956.248 JLINK_IsHalted()
TDD2006C0 005:956.587 - 0.340ms returns FALSE
TDD2006C0 005:956.617 JLINK_IsHalted()
TDD2006C0 005:956.920 - 0.302ms returns FALSE
TDD2006C0 005:956.930 JLINK_IsHalted()
TDD2006C0 005:957.231 - 0.300ms returns FALSE
TDD2006C0 005:957.245 JLINK_Halt()
TDD2006C0 005:960.160 - 2.914ms returns 0x00
TDD2006C0 005:960.188 JLINK_IsHalted()
TDD2006C0 005:960.200 - 0.012ms returns TRUE
TDD2006C0 005:960.211 JLINK_ReadReg(XPSR)
TDD2006C0 005:960.224 - 0.013ms returns 0x21000000
TDD2006C0 005:960.232 JLINK_ReadReg(R15 (PC))
TDD2006C0 005:960.242 - 0.009ms returns 0x00001590
TDD2006C0 005:960.253 JLINK_ReadReg(XPSR)
TDD2006C0 005:960.274 - 0.022ms returns 0x21000000
TDD2006C0 005:960.282 JLINK_ReadReg(XPSR)
TDD2006C0 005:960.292 - 0.010ms returns 0x21000000
TDD2006C0 005:960.300 JLINK_ReadReg(R15 (PC))
TDD2006C0 005:960.308 - 0.009ms returns 0x00001590
TDD2006C0 005:960.317 JLINK_ReadReg(XPSR)
TDD2006C0 005:960.326 - 0.009ms returns 0x21000000
TDD2006C0 005:960.333 JLINK_ReadReg(XPSR)
TDD2006C0 005:960.343 - 0.008ms returns 0x21000000
TDD2006C0 005:960.351 JLINK_ReadMem(0x00001590, 0x1 Bytes, ...)
TDD2006C0 005:960.362    -- Read from flash cache (1 bytes @ 0x00001590)
TDD2006C0 005:960.371   Data:  A0
TDD2006C0 005:960.382 - 0.031ms returns 0
TDD2006C0 005:960.410 JLINK_IsHalted()
TDD2006C0 005:960.421 - 0.012ms returns TRUE
TDD2006C0 005:960.429 JLINK_ReadReg(XPSR)
TDD2006C0 005:960.439 - 0.010ms returns 0x21000000
TDD2006C0 005:960.446 JLINK_ReadReg(XPSR)
TDD2006C0 005:960.456 - 0.009ms returns 0x21000000
TDD2006C0 005:960.464 JLINK_ReadReg(R15 (PC))
TDD2006C0 005:960.472 - 0.010ms returns 0x00001590
TDD2006C0 005:960.480 JLINK_ReadReg(XPSR)
TDD2006C0 005:960.490 - 0.010ms returns 0x21000000
TDD2006C0 005:960.498 JLINK_ReadReg(XPSR)
TDD2006C0 005:960.507 - 0.009ms returns 0x21000000
TDD2006C0 005:960.515 JLINK_ReadMem(0x00001590, 0x1 Bytes, ...)
TDD2006C0 005:960.522    -- Read from flash cache (1 bytes @ 0x00001590)
TDD2006C0 005:960.530   Data:  A0
TDD2006C0 005:960.539 - 0.023ms returns 0
TDD2006C0 005:961.068 JLINK_ReadRegs(NumRegs = 20, Indexes: 0, 1, 2, 3, 4, 5, 6, 7, 8, 9, 10, 11, 12, 13, 14, 15, 16, 17, 18, 20)
TDD2006C0 005:961.093    -- R0=0x1AC1F, R1=0x2710, R2=0x08, R3=0x3E8, R4=0x1FFE0564, R5=0x1FFE0B8C, R6=0x3198, R7=0x40700000, R8=0x00, R9=0x3FC00000, R10=0xD2, R11=0x18A8, R12=0x1312D0, R13 (SP)=0x1FFE1348, R14=0xC47, R15 (PC)=0x1590, XPSR=0x21000000, MSP=0x1FFE1348, PSP=0x56E36AC, CFBP=0x00
TDD2006C0 005:961.104 - 0.038ms returns 0x00
TDD2006C0 005:961.497 JLINK_ReadReg(XPSR)
TDD2006C0 005:961.515 - 0.018ms returns 0x21000000
TDD2006C0 005:961.949 JLINK_ReadMem(0x00001580, 0x40 Bytes, ...)
TDD2006C0 005:961.960    -- Read from flash cache (64 bytes @ 0x00001580)
TDD2006C0 005:961.967   Data:  00 F0 6A B8 00 40 04 40 00 E0 01 40 70 47 00 BF ...
TDD2006C0 005:961.981 - 0.028ms returns 0
TDD2006C0 005:965.113 JLINK_ReadMem(0x00000C40, 0x40 Bytes, ...)
TDD2006C0 005:965.132    -- Read from flash cache (64 bytes @ 0x00000C40)
TDD2006C0 005:965.141   Data:  0A 20 00 F0 AB FC 09 22 21 46 28 46 00 F0 3E F8 ...
TDD2006C0 005:965.150 - 0.039ms returns 0
TDD2006C0 005:965.326 JLINK_ReadMem(0x1FFE1340, 0x40 Bytes, ...)
TDD2006C0 005:965.354   CPU_ReadMem(64 bytes @ 0x1FFE1340)
TDD2006C0 005:966.032    -- Updating C cache (64 bytes @ 0x1FFE1340)
TDD2006C0 005:966.047    -- Read from C cache (64 bytes @ 0x1FFE1340)
TDD2006C0 005:966.088   Data:  94 15 00 00 00 00 00 21 04 09 FE 1F 5C 09 FE 1F ...
TDD2006C0 005:966.099 - 0.772ms returns 0
TDD2006C0 005:975.862 JLINK_ReadReg(XPSR)
TDD2006C0 005:975.898 - 0.035ms returns 0x21000000
TDD2006C0 005:981.395 JLINK_ReadReg(XPSR)
TDD2006C0 005:981.415 - 0.019ms returns 0x21000000
TEC330C00 006:470.175 JLINK_Halt()
TEC330C00 006:470.568 - 0.395ms returns 0x00
TEC330C00 006:470.583 JLINK_ReadReg(XPSR)
TEC330C00 006:470.599 - 0.015ms returns 0x21000000
TEC330C00 006:474.523 JLINK_Close()
TEC330C00 006:474.791   OnDisconnectTarget() start
TEC330C00 006:474.803    J-Link Script File: Executing OnDisconnectTarget()
TEC330C00 006:474.826   Restoring low power mode settings.
TEC330C00 006:476.151   OnDisconnectTarget() end - Took 1.34ms
TEC330C00 006:484.954 - 10.432ms
TEC330C00 006:484.970   
TEC330C00 006:484.974   Closed
